d:\projects\hapi\hapi\x64\debug\compile.obj
d:\projects\hapi\hapi\x64\debug\computeinterference.obj
d:\projects\hapi\hapi\x64\debug\geometrynode.obj
d:\projects\hapi\hapi\x64\debug\interferencepattern.obj
d:\projects\hapi\hapi\x64\debug\matrix.obj
d:\projects\hapi\hapi\x64\debug\node.obj
d:\projects\hapi\hapi\x64\debug\staticnode.obj
d:\projects\hapi\hapi\x64\debug\vc100.pdb
d:\projects\hapi\hapi\x64\debug\hapi.obj
d:\projects\hapi\hapi\x64\debug\transformationnode.obj
d:\projects\hapi\x64\debug\hapi.lib
d:\projects\hapiex\hapi\x64\debug\hapi.pdb
d:\projects\hapiex\hapi\x64\debug\hapi.idb
d:\projects\hapiex\hapi\x64\debug\compile.obj
d:\projects\hapiex\hapi\x64\debug\computeinterference.obj
d:\projects\hapiex\hapi\x64\debug\geometrynode.obj
d:\projects\hapiex\hapi\x64\debug\hapi.obj
d:\projects\hapiex\hapi\x64\debug\interferencepattern.obj
d:\projects\hapiex\hapi\x64\debug\matrix.obj
d:\projects\hapiex\hapi\x64\debug\node.obj
d:\projects\hapiex\hapi\x64\debug\staticnode.obj
d:\projects\hapiex\hapi\x64\debug\transformationnode.obj
d:\projects\hapiex\x64\debug\hapi.lib
d:\projects\hapiex\hapi\x64\debug\hapi.vcxprojresolveassemblyreference.cache
d:\projects\hapiex\hapi\x64\debug\cl.command.1.tlog
d:\projects\hapiex\hapi\x64\debug\cl.read.1.tlog
d:\projects\hapiex\hapi\x64\debug\cl.write.1.tlog
d:\projects\hapiex\hapi\x64\debug\hapi.write.1.tlog
d:\projects\hapiex\hapi\x64\debug\lib-link.read.1.tlog
d:\projects\hapiex\hapi\x64\debug\lib-link.write.1.tlog
d:\projects\hapiex\hapi\x64\debug\lib.command.1.tlog
d:\projects\hapiex\hapi\x64\debug\vc100.idb
d:\projects\hapiex\hapi\x64\debug\vc100.pdb
d:\projects\hapiex\x64\debug\hapi.pdb
d:\projects\hapiex\hapi\x64\debug\hapi.tlog\cl.command.1.tlog
d:\projects\hapiex\hapi\x64\debug\hapi.tlog\cl.read.1.tlog
d:\projects\hapiex\hapi\x64\debug\hapi.tlog\cl.write.1.tlog
d:\projects\hapiex\hapi\x64\debug\hapi.tlog\lib-link.read.1.tlog
d:\projects\hapiex\hapi\x64\debug\hapi.tlog\lib-link.write.1.tlog
d:\projects\hapiex\hapi\x64\debug\hapi.tlog\lib.command.1.tlog
