c:\users\colin\documents\schoolwork\seniorthesis\hapigpu\hapi\x64\release\hapi.pdb
c:\users\colin\documents\schoolwork\seniorthesis\hapigpu\hapi\x64\release\transformationnode.obj
c:\users\colin\documents\schoolwork\seniorthesis\hapigpu\hapi\x64\release\staticnode.obj
c:\users\colin\documents\schoolwork\seniorthesis\hapigpu\hapi\x64\release\scenetree.obj
c:\users\colin\documents\schoolwork\seniorthesis\hapigpu\hapi\x64\release\renderer.obj
c:\users\colin\documents\schoolwork\seniorthesis\hapigpu\hapi\x64\release\programcreator.obj
c:\users\colin\documents\schoolwork\seniorthesis\hapigpu\hapi\x64\release\node.obj
c:\users\colin\documents\schoolwork\seniorthesis\hapigpu\hapi\x64\release\matrix.obj
c:\users\colin\documents\schoolwork\seniorthesis\hapigpu\hapi\x64\release\interferencepattern.obj
c:\users\colin\documents\schoolwork\seniorthesis\hapigpu\hapi\x64\release\helper.obj
c:\users\colin\documents\schoolwork\seniorthesis\hapigpu\hapi\x64\release\hapi.obj
c:\users\colin\documents\schoolwork\seniorthesis\hapigpu\hapi\x64\release\geometrynode.obj
c:\users\colin\documents\schoolwork\seniorthesis\hapigpu\hapi\x64\release\device.obj
c:\users\colin\documents\schoolwork\seniorthesis\hapigpu\hapi\x64\release\computeinterference.obj
c:\users\colin\documents\schoolwork\seniorthesis\hapigpu\hapi\x64\release\compile.obj
c:\users\colin\documents\schoolwork\seniorthesis\hapigpu\x64\release\hapi.lib
c:\users\colin\documents\schoolwork\seniorthesis\hapigpu\hapi\x64\release\hapi.tlog\cl.command.1.tlog
c:\users\colin\documents\schoolwork\seniorthesis\hapigpu\hapi\x64\release\hapi.tlog\cl.read.1.tlog
c:\users\colin\documents\schoolwork\seniorthesis\hapigpu\hapi\x64\release\hapi.tlog\cl.write.1.tlog
c:\users\colin\documents\schoolwork\seniorthesis\hapigpu\hapi\x64\release\hapi.tlog\lib-link.read.1.tlog
c:\users\colin\documents\schoolwork\seniorthesis\hapigpu\hapi\x64\release\hapi.tlog\lib-link.write.1.tlog
c:\users\colin\documents\schoolwork\seniorthesis\hapigpu\hapi\x64\release\hapi.tlog\lib.command.1.tlog
